# JRE version: OpenJDK Runtime Environment Temurin-21.0.8+9 (21.0.8+9) (build 21.0.8+9-LTS)
# Java VM: OpenJDK 64-Bit Server VM Temurin-21.0.8+9 (21.0.8+9-LTS, mixed mode, sharing, tiered, compressed oops, compressed class ptrs, parallel gc, windows-amd64)
GC Precious Log:
 CardTable entry size: 512
 CPUs: 8 total, 8 available
 Memory: 8067M
 Large Page Support: Disabled
 NUMA Support: Disabled
 Compressed Oops: Enabled (32-bit)
 Alignments: Space 512K, Generation 512K, Heap 2M
 Heap Min Capacity: 100M
 Heap Initial Capacity: 100M
 Heap Max Capacity: 2G
 Pre-touch: Disabled
 Parallel Workers: 8
Heap:
 PSYoungGen      total 7168K, used 6826K [0x00000000d5580000, 0x00000000d5e80000, 0x0000000100000000)
  eden space 6144K, 100% used [0x00000000d5580000,0x00000000d5b80000,0x00000000d5b80000)
  from space 1024K, 66% used [0x00000000d5d80000,0x00000000d5e2a910,0x00000000d5e80000)
  to   space 1024K, 0% used [0x00000000d5c80000,0x00000000d5c80000,0x00000000d5d80000)
 ParOldGen       total 1152512K, used 1152333K [0x0000000080000000, 0x00000000c6580000, 0x00000000d5580000)
  object space 1152512K, 99% used [0x0000000080000000,0x00000000c6553580,0x00000000c6580000)
 Metaspace       used 102974K, committed 104640K, reserved 1179648K
  class space    used 10003K, committed 10816K, reserved 1048576K
GC Heap History (20 events):
Event: 186064.411 GC heap before
{Heap before GC invocations=10037 (full 10):
 PSYoungGen      total 4608K, used 4416K [0x00000000d5580000, 0x00000000d5b00000, 0x0000000100000000)
  eden space 4096K, 100% used [0x00000000d5580000,0x00000000d5980000,0x00000000d5980000)
  from space 512K, 62% used [0x00000000d5a80000,0x00000000d5ad0000,0x00000000d5b00000)
  to   space 512K, 0% used [0x00000000d5a00000,0x00000000d5a00000,0x00000000d5a80000)
 ParOldGen       total 1147392K, used 1147002K [0x0000000080000000, 0x00000000c6080000, 0x00000000d5580000)
  object space 1147392K, 99% used [0x0000000080000000,0x00000000c601e800,0x00000000c6080000)
 Metaspace       used 102974K, committed 104640K, reserved 1179648K
  class space    used 10003K, committed 10816K, reserved 1048576K
}
Event: 186064.419 GC heap after
{Heap after GC invocations=10037 (full 10):
 PSYoungGen      total 4608K, used 496K [0x00000000d5580000, 0x00000000d5b80000, 0x0000000100000000)
  eden space 4096K, 0% used [0x00000000d5580000,0x00000000d5580000,0x00000000d5980000)
  from space 512K, 96% used [0x00000000d5a00000,0x00000000d5a7c010,0x00000000d5a80000)
  to   space 1024K, 0% used [0x00000000d5a80000,0x00000000d5a80000,0x00000000d5b80000)
 ParOldGen       total 1147392K, used 1147324K [0x0000000080000000, 0x00000000c6080000, 0x00000000d5580000)
  object space 1147392K, 99% used [0x0000000080000000,0x00000000c606f358,0x00000000c6080000)
 Metaspace       used 102974K, committed 104640K, reserved 1179648K
  class space    used 10003K, committed 10816K, reserved 1048576K
}
Event: 186064.509 GC heap before
{Heap before GC invocations=10038 (full 10):
 PSYoungGen      total 4608K, used 4592K [0x00000000d5580000, 0x00000000d5b80000, 0x0000000100000000)
  eden space 4096K, 100% used [0x00000000d5580000,0x00000000d5980000,0x00000000d5980000)
  from space 512K, 96% used [0x00000000d5a00000,0x00000000d5a7c010,0x00000000d5a80000)
  to   space 1024K, 0% used [0x00000000d5a80000,0x00000000d5a80000,0x00000000d5b80000)
 ParOldGen       total 1147392K, used 1147324K [0x0000000080000000, 0x00000000c6080000, 0x00000000d5580000)
  object space 1147392K, 99% used [0x0000000080000000,0x00000000c606f358,0x00000000c6080000)
 Metaspace       used 102974K, committed 104640K, reserved 1179648K
  class space    used 10003K, committed 10816K, reserved 1048576K
}
Event: 186064.515 GC heap after
{Heap after GC invocations=10038 (full 10):
 PSYoungGen      total 5120K, used 400K [0x00000000d5580000, 0x00000000d5b80000, 0x0000000100000000)
  eden space 4096K, 0% used [0x00000000d5580000,0x00000000d5580000,0x00000000d5980000)
  from space 1024K, 39% used [0x00000000d5a80000,0x00000000d5ae4010,0x00000000d5b80000)
  to   space 1024K, 0% used [0x00000000d5980000,0x00000000d5980000,0x00000000d5a80000)
 ParOldGen       total 1147904K, used 1147796K [0x0000000080000000, 0x00000000c6100000, 0x00000000d5580000)
  object space 1147904K, 99% used [0x0000000080000000,0x00000000c60e5398,0x00000000c6100000)
 Metaspace       used 102974K, committed 104640K, reserved 1179648K
  class space    used 10003K, committed 10816K, reserved 1048576K
}
Event: 186064.535 GC heap before
{Heap before GC invocations=10039 (full 10):
 PSYoungGen      total 5120K, used 4496K [0x00000000d5580000, 0x00000000d5b80000, 0x0000000100000000)
  eden space 4096K, 100% used [0x00000000d5580000,0x00000000d5980000,0x00000000d5980000)
  from space 1024K, 39% used [0x00000000d5a80000,0x00000000d5ae4010,0x00000000d5b80000)
  to   space 1024K, 0% used [0x00000000d5980000,0x00000000d5980000,0x00000000d5a80000)
 ParOldGen       total 1147904K, used 1147796K [0x0000000080000000, 0x00000000c6100000, 0x00000000d5580000)
  object space 1147904K, 99% used [0x0000000080000000,0x00000000c60e5398,0x00000000c6100000)
 Metaspace       used 102974K, committed 104640K, reserved 1179648K
  class space    used 10003K, committed 10816K, reserved 1048576K
}
Event: 186064.543 GC heap after
{Heap after GC invocations=10039 (full 10):
 PSYoungGen      total 5120K, used 608K [0x00000000d5580000, 0x00000000d5b80000, 0x0000000100000000)
  eden space 4096K, 0% used [0x00000000d5580000,0x00000000d5580000,0x00000000d5980000)
  from space 1024K, 59% used [0x00000000d5980000,0x00000000d5a18000,0x00000000d5a80000)
  to   space 1024K, 0% used [0x00000000d5a80000,0x00000000d5a80000,0x00000000d5b80000)
 ParOldGen       total 1148416K, used 1148139K [0x0000000080000000, 0x00000000c6180000, 0x00000000d5580000)
  object space 1148416K, 99% used [0x0000000080000000,0x00000000c613ad20,0x00000000c6180000)
 Metaspace       used 102974K, committed 104640K, reserved 1179648K
  class space    used 10003K, committed 10816K, reserved 1048576K
}
Event: 186064.593 GC heap before
{Heap before GC invocations=10040 (full 10):
 PSYoungGen      total 5120K, used 4704K [0x00000000d5580000, 0x00000000d5b80000, 0x0000000100000000)
  eden space 4096K, 100% used [0x00000000d5580000,0x00000000d5980000,0x00000000d5980000)
  from space 1024K, 59% used [0x00000000d5980000,0x00000000d5a18000,0x00000000d5a80000)
  to   space 1024K, 0% used [0x00000000d5a80000,0x00000000d5a80000,0x00000000d5b80000)
 ParOldGen       total 1148416K, used 1148139K [0x0000000080000000, 0x00000000c6180000, 0x00000000d5580000)
  object space 1148416K, 99% used [0x0000000080000000,0x00000000c613ad20,0x00000000c6180000)
 Metaspace       used 102974K, committed 104640K, reserved 1179648K
  class space    used 10003K, committed 10816K, reserved 1048576K
}
Event: 186064.601 GC heap after
{Heap after GC invocations=10040 (full 10):
 PSYoungGen      total 5120K, used 836K [0x00000000d5580000, 0x00000000d5b80000, 0x0000000100000000)
  eden space 4096K, 0% used [0x00000000d5580000,0x00000000d5580000,0x00000000d5980000)
  from space 1024K, 81% used [0x00000000d5a80000,0x00000000d5b51210,0x00000000d5b80000)
  to   space 1024K, 0% used [0x00000000d5980000,0x00000000d5980000,0x00000000d5a80000)
 ParOldGen       total 1148928K, used 1148643K [0x0000000080000000, 0x00000000c6200000, 0x00000000d5580000)
  object space 1148928K, 99% used [0x0000000080000000,0x00000000c61b8d20,0x00000000c6200000)
 Metaspace       used 102974K, committed 104640K, reserved 1179648K
  class space    used 10003K, committed 10816K, reserved 1048576K
}
Event: 186064.631 GC heap before
{Heap before GC invocations=10041 (full 10):
 PSYoungGen      total 5120K, used 4932K [0x00000000d5580000, 0x00000000d5b80000, 0x0000000100000000)
  eden space 4096K, 100% used [0x00000000d5580000,0x00000000d5980000,0x00000000d5980000)
  from space 1024K, 81% used [0x00000000d5a80000,0x00000000d5b51210,0x00000000d5b80000)
  to   space 1024K, 0% used [0x00000000d5980000,0x00000000d5980000,0x00000000d5a80000)
 ParOldGen       total 1148928K, used 1148643K [0x0000000080000000, 0x00000000c6200000, 0x00000000d5580000)
  object space 1148928K, 99% used [0x0000000080000000,0x00000000c61b8d20,0x00000000c6200000)
 Metaspace       used 102974K, committed 104640K, reserved 1179648K
  class space    used 10003K, committed 10816K, reserved 1048576K
}
Event: 186064.638 GC heap after
{Heap after GC invocations=10041 (full 10):
 PSYoungGen      total 5120K, used 592K [0x00000000d5580000, 0x00000000d5b80000, 0x0000000100000000)
  eden space 4096K, 0% used [0x00000000d5580000,0x00000000d5580000,0x00000000d5980000)
  from space 1024K, 57% used [0x00000000d5980000,0x00000000d5a14010,0x00000000d5a80000)
  to   space 1024K, 0% used [0x00000000d5a80000,0x00000000d5a80000,0x00000000d5b80000)
 ParOldGen       total 1149440K, used 1149401K [0x0000000080000000, 0x00000000c6280000, 0x00000000d5580000)
  object space 1149440K, 99% used [0x0000000080000000,0x00000000c62764f0,0x00000000c6280000)
 Metaspace       used 102974K, committed 104640K, reserved 1179648K
  class space    used 10003K, committed 10816K, reserved 1048576K
}
Event: 186064.659 GC heap before
{Heap before GC invocations=10042 (full 10):
 PSYoungGen      total 5120K, used 4688K [0x00000000d5580000, 0x00000000d5b80000, 0x0000000100000000)
  eden space 4096K, 100% used [0x00000000d5580000,0x00000000d5980000,0x00000000d5980000)
  from space 1024K, 57% used [0x00000000d5980000,0x00000000d5a14010,0x00000000d5a80000)
  to   space 1024K, 0% used [0x00000000d5a80000,0x00000000d5a80000,0x00000000d5b80000)
 ParOldGen       total 1149440K, used 1149401K [0x0000000080000000, 0x00000000c6280000, 0x00000000d5580000)
  object space 1149440K, 99% used [0x0000000080000000,0x00000000c62764f0,0x00000000c6280000)
 Metaspace       used 102974K, committed 104640K, reserved 1179648K
  class space    used 10003K, committed 10816K, reserved 1048576K
}
Event: 186064.669 GC heap after
{Heap after GC invocations=10042 (full 10):
 PSYoungGen      total 5120K, used 640K [0x00000000d5580000, 0x00000000d5c80000, 0x0000000100000000)
  eden space 4096K, 0% used [0x00000000d5580000,0x00000000d5580000,0x00000000d5980000)
  from space 1024K, 62% used [0x00000000d5a80000,0x00000000d5b20000,0x00000000d5b80000)
  to   space 1024K, 0% used [0x00000000d5980000,0x00000000d5980000,0x00000000d5a80000)
 ParOldGen       total 1149952K, used 1149913K [0x0000000080000000, 0x00000000c6300000, 0x00000000d5580000)
  object space 1149952K, 99% used [0x0000000080000000,0x00000000c62f6510,0x00000000c6300000)
 Metaspace       used 102974K, committed 104640K, reserved 1179648K
  class space    used 10003K, committed 10816K, reserved 1048576K
}
Event: 186064.995 GC heap before
{Heap before GC invocations=10043 (full 10):
 PSYoungGen      total 5120K, used 4736K [0x00000000d5580000, 0x00000000d5c80000, 0x0000000100000000)
  eden space 4096K, 100% used [0x00000000d5580000,0x00000000d5980000,0x00000000d5980000)
  from space 1024K, 62% used [0x00000000d5a80000,0x00000000d5b20000,0x00000000d5b80000)
  to   space 1024K, 0% used [0x00000000d5980000,0x00000000d5980000,0x00000000d5a80000)
 ParOldGen       total 1149952K, used 1149913K [0x0000000080000000, 0x00000000c6300000, 0x00000000d5580000)
  object space 1149952K, 99% used [0x0000000080000000,0x00000000c62f6510,0x00000000c6300000)
 Metaspace       used 102974K, committed 104640K, reserved 1179648K
  class space    used 10003K, committed 10816K, reserved 1048576K
}
Event: 186066.008 GC heap after
{Heap after GC invocations=10043 (full 10):
 PSYoungGen      total 5120K, used 756K [0x00000000d5580000, 0x00000000d5c80000, 0x0000000100000000)
  eden space 4096K, 0% used [0x00000000d5580000,0x00000000d5580000,0x00000000d5980000)
  from space 1024K, 73% used [0x00000000d5980000,0x00000000d5a3d200,0x00000000d5a80000)
  to   space 1024K, 0% used [0x00000000d5b80000,0x00000000d5b80000,0x00000000d5c80000)
 ParOldGen       total 1150464K, used 1150369K [0x0000000080000000, 0x00000000c6380000, 0x00000000d5580000)
  object space 1150464K, 99% used [0x0000000080000000,0x00000000c6368530,0x00000000c6380000)
 Metaspace       used 102974K, committed 104640K, reserved 1179648K
  class space    used 10003K, committed 10816K, reserved 1048576K
}
Event: 186066.027 GC heap before
{Heap before GC invocations=10044 (full 10):
 PSYoungGen      total 5120K, used 4852K [0x00000000d5580000, 0x00000000d5c80000, 0x0000000100000000)
  eden space 4096K, 100% used [0x00000000d5580000,0x00000000d5980000,0x00000000d5980000)
  from space 1024K, 73% used [0x00000000d5980000,0x00000000d5a3d200,0x00000000d5a80000)
  to   space 1024K, 0% used [0x00000000d5b80000,0x00000000d5b80000,0x00000000d5c80000)
 ParOldGen       total 1150464K, used 1150369K [0x0000000080000000, 0x00000000c6380000, 0x00000000d5580000)
  object space 1150464K, 99% used [0x0000000080000000,0x00000000c6368530,0x00000000c6380000)
 Metaspace       used 102974K, committed 104640K, reserved 1179648K
  class space    used 10003K, committed 10816K, reserved 1048576K
}
Event: 186066.036 GC heap after
{Heap after GC invocations=10044 (full 10):
 PSYoungGen      total 6144K, used 544K [0x00000000d5580000, 0x00000000d5c80000, 0x0000000100000000)
  eden space 5120K, 0% used [0x00000000d5580000,0x00000000d5580000,0x00000000d5a80000)
  from space 1024K, 53% used [0x00000000d5b80000,0x00000000d5c08020,0x00000000d5c80000)
  to   space 1024K, 0% used [0x00000000d5a80000,0x00000000d5a80000,0x00000000d5b80000)
 ParOldGen       total 1150976K, used 1150973K [0x0000000080000000, 0x00000000c6400000, 0x00000000d5580000)
  object space 1150976K, 99% used [0x0000000080000000,0x00000000c63ff638,0x00000000c6400000)
 Metaspace       used 102974K, committed 104640K, reserved 1179648K
  class space    used 10003K, committed 10816K, reserved 1048576K
}
Event: 186066.155 GC heap before
{Heap before GC invocations=10045 (full 10):
 PSYoungGen      total 6144K, used 5664K [0x00000000d5580000, 0x00000000d5c80000, 0x0000000100000000)
  eden space 5120K, 100% used [0x00000000d5580000,0x00000000d5a80000,0x00000000d5a80000)
  from space 1024K, 53% used [0x00000000d5b80000,0x00000000d5c08020,0x00000000d5c80000)
  to   space 1024K, 0% used [0x00000000d5a80000,0x00000000d5a80000,0x00000000d5b80000)
 ParOldGen       total 1150976K, used 1150973K [0x0000000080000000, 0x00000000c6400000, 0x00000000d5580000)
  object space 1150976K, 99% used [0x0000000080000000,0x00000000c63ff638,0x00000000c6400000)
 Metaspace       used 102974K, committed 104640K, reserved 1179648K
  class space    used 10003K, committed 10816K, reserved 1048576K
}
Event: 186066.159 GC heap after
{Heap after GC invocations=10045 (full 10):
 PSYoungGen      total 6144K, used 1024K [0x00000000d5580000, 0x00000000d5f80000, 0x0000000100000000)
  eden space 5120K, 0% used [0x00000000d5580000,0x00000000d5580000,0x00000000d5a80000)
  from space 1024K, 100% used [0x00000000d5a80000,0x00000000d5b80000,0x00000000d5b80000)
  to   space 2048K, 0% used [0x00000000d5d80000,0x00000000d5d80000,0x00000000d5f80000)
 ParOldGen       total 1151488K, used 1151427K [0x0000000080000000, 0x00000000c6480000, 0x00000000d5580000)
  object space 1151488K, 99% used [0x0000000080000000,0x00000000c6470fb0,0x00000000c6480000)
 Metaspace       used 102974K, committed 104640K, reserved 1179648K
  class space    used 10003K, committed 10816K, reserved 1048576K
}
Event: 186066.203 GC heap before
{Heap before GC invocations=10046 (full 10):
 PSYoungGen      total 6144K, used 6144K [0x00000000d5580000, 0x00000000d5f80000, 0x0000000100000000)
  eden space 5120K, 100% used [0x00000000d5580000,0x00000000d5a80000,0x00000000d5a80000)
  from space 1024K, 100% used [0x00000000d5a80000,0x00000000d5b80000,0x00000000d5b80000)
  to   space 2048K, 0% used [0x00000000d5d80000,0x00000000d5d80000,0x00000000d5f80000)
 ParOldGen       total 1151488K, used 1151427K [0x0000000080000000, 0x00000000c6480000, 0x00000000d5580000)
  object space 1151488K, 99% used [0x0000000080000000,0x00000000c6470fb0,0x00000000c6480000)
 Metaspace       used 102974K, committed 104640K, reserved 1179648K
  class space    used 10003K, committed 10816K, reserved 1048576K
}
Event: 186066.217 GC heap after
{Heap after GC invocations=10046 (full 10):
 PSYoungGen      total 7168K, used 682K [0x00000000d5580000, 0x00000000d5e80000, 0x0000000100000000)
  eden space 6144K, 0% used [0x00000000d5580000,0x00000000d5580000,0x00000000d5b80000)
  from space 1024K, 66% used [0x00000000d5d80000,0x00000000d5e2a910,0x00000000d5e80000)
  to   space 1024K, 0% used [0x00000000d5c80000,0x00000000d5c80000,0x00000000d5d80000)
 ParOldGen       total 1152512K, used 1152333K [0x0000000080000000, 0x00000000c6580000, 0x00000000d5580000)
  object space 1152512K, 99% used [0x0000000080000000,0x00000000c6553580,0x00000000c6580000)
 Metaspace       used 102974K, committed 104640K, reserved 1179648K
  class space    used 10003K, committed 10816K, reserved 1048576K
}

